Running test with user unbanjay
-- Generating ;/home/unbanjay/aesd_assignments/assignment-autotest/test/assignment1/Test_hello_Runner.c;/home/unbanjay/aesd_assignments/assignment-autotest/test/assignment1/Test_assignment_validate_Runner.c;/home/unbanjay/aesd_assignments/assignment-autotest/../student-test/assignment1/Test_validate_username_Runner.c from test/assignment1/Test_hello.c;test/assignment1/Test_assignment_validate.c;../student-test/assignment1/Test_validate_username.c
-- Building executable including ;/home/unbanjay/aesd_assignments/assignment-autotest/test/assignment1/Test_hello_Runner.c;/home/unbanjay/aesd_assignments/assignment-autotest/test/assignment1/Test_assignment_validate_Runner.c;/home/unbanjay/aesd_assignments/assignment-autotest/../student-test/assignment1/Test_validate_username_Runner.c test/assignment1/Test_hello.c;test/assignment1/Test_assignment_validate.c;../student-test/assignment1/Test_validate_username.c and ../examples/autotest-validate/autotest-validate.c
-- Configuring done
-- Generating done
-- Build files have been written to: /home/unbanjay/aesd_assignments/build
[  8%] Building C object assignment-autotest/Unity/src/CMakeFiles/unity.dir/unity.c.o
[ 16%] Linking C static library libunity.a
[ 16%] Built target unity
[ 25%] Generating ../../assignment-autotest/test/assignment1/Test_hello_Runner.c, ../../assignment-autotest/test/assignment1/Test_assignment_validate_Runner.c, ../../student-test/assignment1/Test_validate_username_Runner.c, ../../assignment-autotest/test/unity_runner.c
Test files for auto dependency generation test/assignment1/Test_hello.c test/assignment1/Test_assignment_validate.c ../student-test/assignment1/Test_validate_username.c
Autogenerating runner for test/assignment1/Test_hello.c
Autogenerating runner for test/assignment1/Test_assignment_validate.c
Autogenerating runner for ../student-test/assignment1/Test_validate_username.c
Autogenerating test/unity_runner.c
[ 33%] Building C object assignment-autotest/CMakeFiles/assignment-autotest.dir/test/assignment1/Test_hello.c.o
[ 41%] Building C object assignment-autotest/CMakeFiles/assignment-autotest.dir/test/assignment1/Test_assignment_validate.c.o
[ 50%] Building C object assignment-autotest/CMakeFiles/assignment-autotest.dir/__/student-test/assignment1/Test_validate_username.c.o
[ 58%] Building C object assignment-autotest/CMakeFiles/assignment-autotest.dir/test/assignment1/Test_hello_Runner.c.o
[ 66%] Building C object assignment-autotest/CMakeFiles/assignment-autotest.dir/test/assignment1/Test_assignment_validate_Runner.c.o
[ 75%] Building C object assignment-autotest/CMakeFiles/assignment-autotest.dir/__/student-test/assignment1/Test_validate_username_Runner.c.o
[ 83%] Building C object assignment-autotest/CMakeFiles/assignment-autotest.dir/__/examples/autotest-validate/autotest-validate.c.o
[ 91%] Building C object assignment-autotest/CMakeFiles/assignment-autotest.dir/test/unity_runner.c.o
[100%] Linking C executable assignment-autotest
[100%] Built target assignment-autotest
/home/unbanjay/aesd_assignments/assignment-autotest/test/assignment1/Test_hello.c:6:test_hello:INFO: Hello!  Your unity setup is working!
/home/unbanjay/aesd_assignments/assignment-autotest/test/assignment1/Test_hello.c:4:test_hello:PASS

-----------------------
1 Tests 0 Failures 0 Ignored 
OK
/home/unbanjay/aesd_assignments/assignment-autotest/test/assignment1/Test_assignment_validate.c:9:test_assignment_validate:PASS

-----------------------
1 Tests 0 Failures 0 Ignored 
OK
Read JaySharma from conf/username.txt
/home/unbanjay/aesd_assignments/assignment-autotest/../student-test/assignment1/Test_validate_username.c:15:test_validate_my_username:PASS

-----------------------
1 Tests 0 Failures 0 Ignored 
OK
Executing assignment test script
~/aesd_assignments/assignment-autotest/test/assignment1 ~/aesd_assignments
~/aesd_assignments/finder-app ~/aesd_assignments/assignment-autotest/test/assignment1 ~/aesd_assignments
 any of parameter not specified
 any of parameter not specified
Using default value AELD_IS_FUN for string to write
Using default value 10 for number of files to write
Writing 10 files containing string AELD_IS_FUN to filesdir
The number of files are 10 and the number of matching lines are 10
success
Writing 10 files containing string AELD_IS_FUN to /tmp/aeld-data/xxNSvRu0L0pWsO9xxcGKUi3u7HqbQlfH
./writer.sh: line 7: /tmp/aeld-data/xxNSvRu0L0pWsO9xxcGKUi3u7HqbQlfH/JaySharma1.txt: No such file or directory
[0;31mValidation Error:finder-test.sh execution for random directory failed with return code 1[0m
Validation failed with error list :finder-test.sh execution for random directory failed with return code 1
Test of assignment assignment1 failed with rc=1
Running test with user unbanjay
-- Generating ;/home/unbanjay/aesd_assignments/assignment-autotest/test/assignment1/Test_hello_Runner.c;/home/unbanjay/aesd_assignments/assignment-autotest/test/assignment1/Test_assignment_validate_Runner.c;/home/unbanjay/aesd_assignments/assignment-autotest/../student-test/assignment1/Test_validate_username_Runner.c from test/assignment1/Test_hello.c;test/assignment1/Test_assignment_validate.c;../student-test/assignment1/Test_validate_username.c
-- Building executable including ;/home/unbanjay/aesd_assignments/assignment-autotest/test/assignment1/Test_hello_Runner.c;/home/unbanjay/aesd_assignments/assignment-autotest/test/assignment1/Test_assignment_validate_Runner.c;/home/unbanjay/aesd_assignments/assignment-autotest/../student-test/assignment1/Test_validate_username_Runner.c test/assignment1/Test_hello.c;test/assignment1/Test_assignment_validate.c;../student-test/assignment1/Test_validate_username.c and ../examples/autotest-validate/autotest-validate.c
-- Configuring done
-- Generating done
-- Build files have been written to: /home/unbanjay/aesd_assignments/build
[  8%] Building C object assignment-autotest/Unity/src/CMakeFiles/unity.dir/unity.c.o
[ 16%] Linking C static library libunity.a
[ 16%] Built target unity
[ 25%] Generating ../../assignment-autotest/test/assignment1/Test_hello_Runner.c, ../../assignment-autotest/test/assignment1/Test_assignment_validate_Runner.c, ../../student-test/assignment1/Test_validate_username_Runner.c, ../../assignment-autotest/test/unity_runner.c
Test files for auto dependency generation test/assignment1/Test_hello.c test/assignment1/Test_assignment_validate.c ../student-test/assignment1/Test_validate_username.c
Autogenerating runner for test/assignment1/Test_hello.c
Autogenerating runner for test/assignment1/Test_assignment_validate.c
Autogenerating runner for ../student-test/assignment1/Test_validate_username.c
Autogenerating test/unity_runner.c
[ 33%] Building C object assignment-autotest/CMakeFiles/assignment-autotest.dir/test/assignment1/Test_hello.c.o
[ 41%] Building C object assignment-autotest/CMakeFiles/assignment-autotest.dir/test/assignment1/Test_assignment_validate.c.o
[ 50%] Building C object assignment-autotest/CMakeFiles/assignment-autotest.dir/__/student-test/assignment1/Test_validate_username.c.o
[ 58%] Building C object assignment-autotest/CMakeFiles/assignment-autotest.dir/test/assignment1/Test_hello_Runner.c.o
[ 66%] Building C object assignment-autotest/CMakeFiles/assignment-autotest.dir/test/assignment1/Test_assignment_validate_Runner.c.o
[ 75%] Building C object assignment-autotest/CMakeFiles/assignment-autotest.dir/__/student-test/assignment1/Test_validate_username_Runner.c.o
[ 83%] Building C object assignment-autotest/CMakeFiles/assignment-autotest.dir/__/examples/autotest-validate/autotest-validate.c.o
[ 91%] Building C object assignment-autotest/CMakeFiles/assignment-autotest.dir/test/unity_runner.c.o
[100%] Linking C executable assignment-autotest
[100%] Built target assignment-autotest
/home/unbanjay/aesd_assignments/assignment-autotest/test/assignment1/Test_hello.c:6:test_hello:INFO: Hello!  Your unity setup is working!
/home/unbanjay/aesd_assignments/assignment-autotest/test/assignment1/Test_hello.c:4:test_hello:PASS

-----------------------
1 Tests 0 Failures 0 Ignored 
OK
/home/unbanjay/aesd_assignments/assignment-autotest/test/assignment1/Test_assignment_validate.c:9:test_assignment_validate:PASS

-----------------------
1 Tests 0 Failures 0 Ignored 
OK
Read JaySharma from conf/username.txt
/home/unbanjay/aesd_assignments/assignment-autotest/../student-test/assignment1/Test_validate_username.c:15:test_validate_my_username:PASS

-----------------------
1 Tests 0 Failures 0 Ignored 
OK
Executing assignment test script
~/aesd_assignments/assignment-autotest/test/assignment1 ~/aesd_assignments
~/aesd_assignments/finder-app ~/aesd_assignments/assignment-autotest/test/assignment1 ~/aesd_assignments
 any of parameter not specified
 any of parameter not specified
Using default value AELD_IS_FUN for string to write
Using default value 10 for number of files to write
Writing 10 files containing string AELD_IS_FUN to filesdir
The number of files are 10 and the number of matching lines are 10
success
Writing 10 files containing string AELD_IS_FUN to /tmp/aeld-data/i8weIVLgRSYbQxHh9aP7eJllniH1uCXd
./writer.sh: line 7: /tmp/aeld-data/i8weIVLgRSYbQxHh9aP7eJllniH1uCXd/JaySharma1.txt: No such file or directory
[0;31mValidation Error:finder-test.sh execution for random directory failed with return code 1[0m
Validation failed with error list :finder-test.sh execution for random directory failed with return code 1
Test of assignment assignment1 failed with rc=1
Running test with user unbanjay
-- Generating ;/home/unbanjay/aesd_assignments/assignment-autotest/test/assignment1/Test_hello_Runner.c;/home/unbanjay/aesd_assignments/assignment-autotest/test/assignment1/Test_assignment_validate_Runner.c;/home/unbanjay/aesd_assignments/assignment-autotest/../student-test/assignment1/Test_validate_username_Runner.c from test/assignment1/Test_hello.c;test/assignment1/Test_assignment_validate.c;../student-test/assignment1/Test_validate_username.c
-- Building executable including ;/home/unbanjay/aesd_assignments/assignment-autotest/test/assignment1/Test_hello_Runner.c;/home/unbanjay/aesd_assignments/assignment-autotest/test/assignment1/Test_assignment_validate_Runner.c;/home/unbanjay/aesd_assignments/assignment-autotest/../student-test/assignment1/Test_validate_username_Runner.c test/assignment1/Test_hello.c;test/assignment1/Test_assignment_validate.c;../student-test/assignment1/Test_validate_username.c and ../examples/autotest-validate/autotest-validate.c
-- Configuring done
-- Generating done
-- Build files have been written to: /home/unbanjay/aesd_assignments/build
[  8%] Building C object assignment-autotest/Unity/src/CMakeFiles/unity.dir/unity.c.o
[ 16%] Linking C static library libunity.a
[ 16%] Built target unity
[ 25%] Generating ../../assignment-autotest/test/assignment1/Test_hello_Runner.c, ../../assignment-autotest/test/assignment1/Test_assignment_validate_Runner.c, ../../student-test/assignment1/Test_validate_username_Runner.c, ../../assignment-autotest/test/unity_runner.c
Test files for auto dependency generation test/assignment1/Test_hello.c test/assignment1/Test_assignment_validate.c ../student-test/assignment1/Test_validate_username.c
Autogenerating runner for test/assignment1/Test_hello.c
Autogenerating runner for test/assignment1/Test_assignment_validate.c
Autogenerating runner for ../student-test/assignment1/Test_validate_username.c
Autogenerating test/unity_runner.c
[ 33%] Building C object assignment-autotest/CMakeFiles/assignment-autotest.dir/test/assignment1/Test_hello.c.o
[ 41%] Building C object assignment-autotest/CMakeFiles/assignment-autotest.dir/test/assignment1/Test_assignment_validate.c.o
[ 50%] Building C object assignment-autotest/CMakeFiles/assignment-autotest.dir/__/student-test/assignment1/Test_validate_username.c.o
[ 58%] Building C object assignment-autotest/CMakeFiles/assignment-autotest.dir/test/assignment1/Test_hello_Runner.c.o
[ 66%] Building C object assignment-autotest/CMakeFiles/assignment-autotest.dir/test/assignment1/Test_assignment_validate_Runner.c.o
[ 75%] Building C object assignment-autotest/CMakeFiles/assignment-autotest.dir/__/student-test/assignment1/Test_validate_username_Runner.c.o
[ 83%] Building C object assignment-autotest/CMakeFiles/assignment-autotest.dir/__/examples/autotest-validate/autotest-validate.c.o
[ 91%] Building C object assignment-autotest/CMakeFiles/assignment-autotest.dir/test/unity_runner.c.o
[100%] Linking C executable assignment-autotest
[100%] Built target assignment-autotest
/home/unbanjay/aesd_assignments/assignment-autotest/test/assignment1/Test_hello.c:6:test_hello:INFO: Hello!  Your unity setup is working!
/home/unbanjay/aesd_assignments/assignment-autotest/test/assignment1/Test_hello.c:4:test_hello:PASS

-----------------------
1 Tests 0 Failures 0 Ignored 
OK
/home/unbanjay/aesd_assignments/assignment-autotest/test/assignment1/Test_assignment_validate.c:9:test_assignment_validate:PASS

-----------------------
1 Tests 0 Failures 0 Ignored 
OK
Read JaySharma from conf/username.txt
/home/unbanjay/aesd_assignments/assignment-autotest/../student-test/assignment1/Test_validate_username.c:15:test_validate_my_username:PASS

-----------------------
1 Tests 0 Failures 0 Ignored 
OK
Executing assignment test script
~/aesd_assignments/assignment-autotest/test/assignment1 ~/aesd_assignments
~/aesd_assignments/finder-app ~/aesd_assignments/assignment-autotest/test/assignment1 ~/aesd_assignments
 any of parameter not specified
 any of parameter not specified
Using default value AELD_IS_FUN for string to write
Using default value 10 for number of files to write
Writing 10 files containing string AELD_IS_FUN to filesdir
The number of files are 10 and the number of matching lines are 10
success
Writing 10 files containing string AELD_IS_FUN to /tmp/aeld-data/d5I1lFGXG5ZhfdDJB7xf8zAZwIZUaUlv
./writer.sh: line 7: /tmp/aeld-data/d5I1lFGXG5ZhfdDJB7xf8zAZwIZUaUlv/JaySharma1.txt: No such file or directory
[0;31mValidation Error:finder-test.sh execution for random directory failed with return code 1[0m
Validation failed with error list :finder-test.sh execution for random directory failed with return code 1
Test of assignment assignment1 failed with rc=1
Running test with user unbanjay
-- Generating ;/home/unbanjay/aesd_assignments/assignment-autotest/test/assignment1/Test_hello_Runner.c;/home/unbanjay/aesd_assignments/assignment-autotest/test/assignment1/Test_assignment_validate_Runner.c;/home/unbanjay/aesd_assignments/assignment-autotest/../student-test/assignment1/Test_validate_username_Runner.c from test/assignment1/Test_hello.c;test/assignment1/Test_assignment_validate.c;../student-test/assignment1/Test_validate_username.c
-- Building executable including ;/home/unbanjay/aesd_assignments/assignment-autotest/test/assignment1/Test_hello_Runner.c;/home/unbanjay/aesd_assignments/assignment-autotest/test/assignment1/Test_assignment_validate_Runner.c;/home/unbanjay/aesd_assignments/assignment-autotest/../student-test/assignment1/Test_validate_username_Runner.c test/assignment1/Test_hello.c;test/assignment1/Test_assignment_validate.c;../student-test/assignment1/Test_validate_username.c and ../examples/autotest-validate/autotest-validate.c
-- Configuring done
-- Generating done
-- Build files have been written to: /home/unbanjay/aesd_assignments/build
[  8%] Building C object assignment-autotest/Unity/src/CMakeFiles/unity.dir/unity.c.o
[ 16%] Linking C static library libunity.a
[ 16%] Built target unity
[ 25%] Generating ../../assignment-autotest/test/assignment1/Test_hello_Runner.c, ../../assignment-autotest/test/assignment1/Test_assignment_validate_Runner.c, ../../student-test/assignment1/Test_validate_username_Runner.c, ../../assignment-autotest/test/unity_runner.c
Test files for auto dependency generation test/assignment1/Test_hello.c test/assignment1/Test_assignment_validate.c ../student-test/assignment1/Test_validate_username.c
Autogenerating runner for test/assignment1/Test_hello.c
Autogenerating runner for test/assignment1/Test_assignment_validate.c
Autogenerating runner for ../student-test/assignment1/Test_validate_username.c
Autogenerating test/unity_runner.c
[ 33%] Building C object assignment-autotest/CMakeFiles/assignment-autotest.dir/test/assignment1/Test_hello.c.o
[ 41%] Building C object assignment-autotest/CMakeFiles/assignment-autotest.dir/test/assignment1/Test_assignment_validate.c.o
[ 50%] Building C object assignment-autotest/CMakeFiles/assignment-autotest.dir/__/student-test/assignment1/Test_validate_username.c.o
[ 58%] Building C object assignment-autotest/CMakeFiles/assignment-autotest.dir/test/assignment1/Test_hello_Runner.c.o
[ 66%] Building C object assignment-autotest/CMakeFiles/assignment-autotest.dir/test/assignment1/Test_assignment_validate_Runner.c.o
[ 75%] Building C object assignment-autotest/CMakeFiles/assignment-autotest.dir/__/student-test/assignment1/Test_validate_username_Runner.c.o
[ 83%] Building C object assignment-autotest/CMakeFiles/assignment-autotest.dir/__/examples/autotest-validate/autotest-validate.c.o
[ 91%] Building C object assignment-autotest/CMakeFiles/assignment-autotest.dir/test/unity_runner.c.o
[100%] Linking C executable assignment-autotest
[100%] Built target assignment-autotest
/home/unbanjay/aesd_assignments/assignment-autotest/test/assignment1/Test_hello.c:6:test_hello:INFO: Hello!  Your unity setup is working!
/home/unbanjay/aesd_assignments/assignment-autotest/test/assignment1/Test_hello.c:4:test_hello:PASS

-----------------------
1 Tests 0 Failures 0 Ignored 
OK
/home/unbanjay/aesd_assignments/assignment-autotest/test/assignment1/Test_assignment_validate.c:9:test_assignment_validate:PASS

-----------------------
1 Tests 0 Failures 0 Ignored 
OK
Read JaySharma from conf/username.txt
/home/unbanjay/aesd_assignments/assignment-autotest/../student-test/assignment1/Test_validate_username.c:15:test_validate_my_username:PASS

-----------------------
1 Tests 0 Failures 0 Ignored 
OK
Executing assignment test script
~/aesd_assignments/assignment-autotest/test/assignment1 ~/aesd_assignments
~/aesd_assignments/finder-app ~/aesd_assignments/assignment-autotest/test/assignment1 ~/aesd_assignments
 any of parameter not specified
 any of parameter not specified
Using default value AELD_IS_FUN for string to write
Using default value 10 for number of files to write
Writing 10 files containing string AELD_IS_FUN to filesdir
The number of files are 10 and the number of matching lines are 10
success
Writing 10 files containing string AELD_IS_FUN to /filesdir/Kr1bMtfUiT1ksYC573oz46L0ouzBl8yS
./writer.sh: line 7: /filesdir/Kr1bMtfUiT1ksYC573oz46L0ouzBl8yS/JaySharma1.txt: No such file or directory
[0;31mValidation Error:finder-test.sh execution for random directory failed with return code 1[0m
Validation failed with error list :finder-test.sh execution for random directory failed with return code 1
Test of assignment assignment1 failed with rc=1
Running test with user unbanjay
-- Generating ;/home/unbanjay/aesd_assignments/assignment-autotest/test/assignment1/Test_hello_Runner.c;/home/unbanjay/aesd_assignments/assignment-autotest/test/assignment1/Test_assignment_validate_Runner.c;/home/unbanjay/aesd_assignments/assignment-autotest/../student-test/assignment1/Test_validate_username_Runner.c from test/assignment1/Test_hello.c;test/assignment1/Test_assignment_validate.c;../student-test/assignment1/Test_validate_username.c
-- Building executable including ;/home/unbanjay/aesd_assignments/assignment-autotest/test/assignment1/Test_hello_Runner.c;/home/unbanjay/aesd_assignments/assignment-autotest/test/assignment1/Test_assignment_validate_Runner.c;/home/unbanjay/aesd_assignments/assignment-autotest/../student-test/assignment1/Test_validate_username_Runner.c test/assignment1/Test_hello.c;test/assignment1/Test_assignment_validate.c;../student-test/assignment1/Test_validate_username.c and ../examples/autotest-validate/autotest-validate.c
-- Configuring done
-- Generating done
-- Build files have been written to: /home/unbanjay/aesd_assignments/build
[  8%] Building C object assignment-autotest/Unity/src/CMakeFiles/unity.dir/unity.c.o
[ 16%] Linking C static library libunity.a
[ 16%] Built target unity
[ 25%] Generating ../../assignment-autotest/test/assignment1/Test_hello_Runner.c, ../../assignment-autotest/test/assignment1/Test_assignment_validate_Runner.c, ../../student-test/assignment1/Test_validate_username_Runner.c, ../../assignment-autotest/test/unity_runner.c
Test files for auto dependency generation test/assignment1/Test_hello.c test/assignment1/Test_assignment_validate.c ../student-test/assignment1/Test_validate_username.c
Autogenerating runner for test/assignment1/Test_hello.c
Autogenerating runner for test/assignment1/Test_assignment_validate.c
Autogenerating runner for ../student-test/assignment1/Test_validate_username.c
Autogenerating test/unity_runner.c
[ 33%] Building C object assignment-autotest/CMakeFiles/assignment-autotest.dir/test/assignment1/Test_hello.c.o
[ 41%] Building C object assignment-autotest/CMakeFiles/assignment-autotest.dir/test/assignment1/Test_assignment_validate.c.o
[ 50%] Building C object assignment-autotest/CMakeFiles/assignment-autotest.dir/__/student-test/assignment1/Test_validate_username.c.o
[ 58%] Building C object assignment-autotest/CMakeFiles/assignment-autotest.dir/test/assignment1/Test_hello_Runner.c.o
[ 66%] Building C object assignment-autotest/CMakeFiles/assignment-autotest.dir/test/assignment1/Test_assignment_validate_Runner.c.o
[ 75%] Building C object assignment-autotest/CMakeFiles/assignment-autotest.dir/__/student-test/assignment1/Test_validate_username_Runner.c.o
[ 83%] Building C object assignment-autotest/CMakeFiles/assignment-autotest.dir/__/examples/autotest-validate/autotest-validate.c.o
[ 91%] Building C object assignment-autotest/CMakeFiles/assignment-autotest.dir/test/unity_runner.c.o
[100%] Linking C executable assignment-autotest
[100%] Built target assignment-autotest
/home/unbanjay/aesd_assignments/assignment-autotest/test/assignment1/Test_hello.c:6:test_hello:INFO: Hello!  Your unity setup is working!
/home/unbanjay/aesd_assignments/assignment-autotest/test/assignment1/Test_hello.c:4:test_hello:PASS

-----------------------
1 Tests 0 Failures 0 Ignored 
OK
/home/unbanjay/aesd_assignments/assignment-autotest/test/assignment1/Test_assignment_validate.c:9:test_assignment_validate:PASS

-----------------------
1 Tests 0 Failures 0 Ignored 
OK
Read JaySharma from conf/username.txt
/home/unbanjay/aesd_assignments/assignment-autotest/../student-test/assignment1/Test_validate_username.c:15:test_validate_my_username:PASS

-----------------------
1 Tests 0 Failures 0 Ignored 
OK
Executing assignment test script
~/aesd_assignments/assignment-autotest/test/assignment1 ~/aesd_assignments
~/aesd_assignments/finder-app ~/aesd_assignments/assignment-autotest/test/assignment1 ~/aesd_assignments
 any of parameter not specified
 any of parameter not specified
Using default value AELD_IS_FUN for string to write
Using default value 10 for number of files to write
Writing 10 files containing string AELD_IS_FUN to filesdir
The number of files are 10 and the number of matching lines are 10
success
Writing 10 files containing string AELD_IS_FUN to filesdir/43mo1jh0gSRnP1HzuuB93I60anN9tI9m
./writer.sh: line 7: filesdir/43mo1jh0gSRnP1HzuuB93I60anN9tI9m/JaySharma1.txt: No such file or directory
[0;31mValidation Error:finder-test.sh execution for random directory failed with return code 1[0m
Validation failed with error list :finder-test.sh execution for random directory failed with return code 1
Test of assignment assignment1 failed with rc=1
Running test with user unbanjay
-- Generating ;/home/unbanjay/aesd_assignments/assignment-autotest/test/assignment1/Test_hello_Runner.c;/home/unbanjay/aesd_assignments/assignment-autotest/test/assignment1/Test_assignment_validate_Runner.c;/home/unbanjay/aesd_assignments/assignment-autotest/../student-test/assignment1/Test_validate_username_Runner.c from test/assignment1/Test_hello.c;test/assignment1/Test_assignment_validate.c;../student-test/assignment1/Test_validate_username.c
-- Building executable including ;/home/unbanjay/aesd_assignments/assignment-autotest/test/assignment1/Test_hello_Runner.c;/home/unbanjay/aesd_assignments/assignment-autotest/test/assignment1/Test_assignment_validate_Runner.c;/home/unbanjay/aesd_assignments/assignment-autotest/../student-test/assignment1/Test_validate_username_Runner.c test/assignment1/Test_hello.c;test/assignment1/Test_assignment_validate.c;../student-test/assignment1/Test_validate_username.c and ../examples/autotest-validate/autotest-validate.c
-- Configuring done
-- Generating done
-- Build files have been written to: /home/unbanjay/aesd_assignments/build
[  8%] Building C object assignment-autotest/Unity/src/CMakeFiles/unity.dir/unity.c.o
[ 16%] Linking C static library libunity.a
[ 16%] Built target unity
[ 25%] Generating ../../assignment-autotest/test/assignment1/Test_hello_Runner.c, ../../assignment-autotest/test/assignment1/Test_assignment_validate_Runner.c, ../../student-test/assignment1/Test_validate_username_Runner.c, ../../assignment-autotest/test/unity_runner.c
Test files for auto dependency generation test/assignment1/Test_hello.c test/assignment1/Test_assignment_validate.c ../student-test/assignment1/Test_validate_username.c
Autogenerating runner for test/assignment1/Test_hello.c
Autogenerating runner for test/assignment1/Test_assignment_validate.c
Autogenerating runner for ../student-test/assignment1/Test_validate_username.c
Autogenerating test/unity_runner.c
[ 33%] Building C object assignment-autotest/CMakeFiles/assignment-autotest.dir/test/assignment1/Test_hello.c.o
[ 41%] Building C object assignment-autotest/CMakeFiles/assignment-autotest.dir/test/assignment1/Test_assignment_validate.c.o
[ 50%] Building C object assignment-autotest/CMakeFiles/assignment-autotest.dir/__/student-test/assignment1/Test_validate_username.c.o
[ 58%] Building C object assignment-autotest/CMakeFiles/assignment-autotest.dir/test/assignment1/Test_hello_Runner.c.o
[ 66%] Building C object assignment-autotest/CMakeFiles/assignment-autotest.dir/test/assignment1/Test_assignment_validate_Runner.c.o
[ 75%] Building C object assignment-autotest/CMakeFiles/assignment-autotest.dir/__/student-test/assignment1/Test_validate_username_Runner.c.o
[ 83%] Building C object assignment-autotest/CMakeFiles/assignment-autotest.dir/__/examples/autotest-validate/autotest-validate.c.o
[ 91%] Building C object assignment-autotest/CMakeFiles/assignment-autotest.dir/test/unity_runner.c.o
[100%] Linking C executable assignment-autotest
[100%] Built target assignment-autotest
/home/unbanjay/aesd_assignments/assignment-autotest/test/assignment1/Test_hello.c:6:test_hello:INFO: Hello!  Your unity setup is working!
/home/unbanjay/aesd_assignments/assignment-autotest/test/assignment1/Test_hello.c:4:test_hello:PASS

-----------------------
1 Tests 0 Failures 0 Ignored 
OK
/home/unbanjay/aesd_assignments/assignment-autotest/test/assignment1/Test_assignment_validate.c:9:test_assignment_validate:PASS

-----------------------
1 Tests 0 Failures 0 Ignored 
OK
Read JaySharma from conf/username.txt
/home/unbanjay/aesd_assignments/assignment-autotest/../student-test/assignment1/Test_validate_username.c:15:test_validate_my_username:PASS

-----------------------
1 Tests 0 Failures 0 Ignored 
OK
Executing assignment test script
~/aesd_assignments/assignment-autotest/test/assignment1 ~/aesd_assignments
~/aesd_assignments/finder-app ~/aesd_assignments/assignment-autotest/test/assignment1 ~/aesd_assignments
 any of parameter not specified
 any of parameter not specified
Using default value AELD_IS_FUN for string to write
Using default value 10 for number of files to write
Writing 10 files containing string AELD_IS_FUN to filesdir
The number of files are 10 and the number of matching lines are 10
success
Writing 10 files containing string AELD_IS_FUN to flvxMfFY57a7uiONP8M4lvQHY1lEKeRu
./writer.sh: line 7: flvxMfFY57a7uiONP8M4lvQHY1lEKeRu/JaySharma1.txt: No such file or directory
[0;31mValidation Error:finder-test.sh execution for random directory failed with return code 1[0m
Validation failed with error list :finder-test.sh execution for random directory failed with return code 1
Test of assignment assignment1 failed with rc=1
Running test with user unbanjay
-- Generating ;/home/unbanjay/aesd_assignments/assignment-autotest/test/assignment1/Test_hello_Runner.c;/home/unbanjay/aesd_assignments/assignment-autotest/test/assignment1/Test_assignment_validate_Runner.c;/home/unbanjay/aesd_assignments/assignment-autotest/../student-test/assignment1/Test_validate_username_Runner.c from test/assignment1/Test_hello.c;test/assignment1/Test_assignment_validate.c;../student-test/assignment1/Test_validate_username.c
-- Building executable including ;/home/unbanjay/aesd_assignments/assignment-autotest/test/assignment1/Test_hello_Runner.c;/home/unbanjay/aesd_assignments/assignment-autotest/test/assignment1/Test_assignment_validate_Runner.c;/home/unbanjay/aesd_assignments/assignment-autotest/../student-test/assignment1/Test_validate_username_Runner.c test/assignment1/Test_hello.c;test/assignment1/Test_assignment_validate.c;../student-test/assignment1/Test_validate_username.c and ../examples/autotest-validate/autotest-validate.c
-- Configuring done
-- Generating done
-- Build files have been written to: /home/unbanjay/aesd_assignments/build
[  8%] Building C object assignment-autotest/Unity/src/CMakeFiles/unity.dir/unity.c.o
[ 16%] Linking C static library libunity.a
[ 16%] Built target unity
[ 25%] Generating ../../assignment-autotest/test/assignment1/Test_hello_Runner.c, ../../assignment-autotest/test/assignment1/Test_assignment_validate_Runner.c, ../../student-test/assignment1/Test_validate_username_Runner.c, ../../assignment-autotest/test/unity_runner.c
Test files for auto dependency generation test/assignment1/Test_hello.c test/assignment1/Test_assignment_validate.c ../student-test/assignment1/Test_validate_username.c
Autogenerating runner for test/assignment1/Test_hello.c
Autogenerating runner for test/assignment1/Test_assignment_validate.c
Autogenerating runner for ../student-test/assignment1/Test_validate_username.c
Autogenerating test/unity_runner.c
[ 33%] Building C object assignment-autotest/CMakeFiles/assignment-autotest.dir/test/assignment1/Test_hello.c.o
[ 41%] Building C object assignment-autotest/CMakeFiles/assignment-autotest.dir/test/assignment1/Test_assignment_validate.c.o
[ 50%] Building C object assignment-autotest/CMakeFiles/assignment-autotest.dir/__/student-test/assignment1/Test_validate_username.c.o
[ 58%] Building C object assignment-autotest/CMakeFiles/assignment-autotest.dir/test/assignment1/Test_hello_Runner.c.o
[ 66%] Building C object assignment-autotest/CMakeFiles/assignment-autotest.dir/test/assignment1/Test_assignment_validate_Runner.c.o
[ 75%] Building C object assignment-autotest/CMakeFiles/assignment-autotest.dir/__/student-test/assignment1/Test_validate_username_Runner.c.o
[ 83%] Building C object assignment-autotest/CMakeFiles/assignment-autotest.dir/__/examples/autotest-validate/autotest-validate.c.o
[ 91%] Building C object assignment-autotest/CMakeFiles/assignment-autotest.dir/test/unity_runner.c.o
[100%] Linking C executable assignment-autotest
[100%] Built target assignment-autotest
/home/unbanjay/aesd_assignments/assignment-autotest/test/assignment1/Test_hello.c:6:test_hello:INFO: Hello!  Your unity setup is working!
/home/unbanjay/aesd_assignments/assignment-autotest/test/assignment1/Test_hello.c:4:test_hello:PASS

-----------------------
1 Tests 0 Failures 0 Ignored 
OK
/home/unbanjay/aesd_assignments/assignment-autotest/test/assignment1/Test_assignment_validate.c:9:test_assignment_validate:PASS

-----------------------
1 Tests 0 Failures 0 Ignored 
OK
Read JaySharma from conf/username.txt
/home/unbanjay/aesd_assignments/assignment-autotest/../student-test/assignment1/Test_validate_username.c:15:test_validate_my_username:PASS

-----------------------
1 Tests 0 Failures 0 Ignored 
OK
Executing assignment test script
~/aesd_assignments/assignment-autotest/test/assignment1 ~/aesd_assignments
~/aesd_assignments/finder-app ~/aesd_assignments/assignment-autotest/test/assignment1 ~/aesd_assignments
 any of parameter not specified
 any of parameter not specified
Using default value AELD_IS_FUN for string to write
Using default value 10 for number of files to write
Writing 10 files containing string AELD_IS_FUN to filesdir
./finder-test.sh: 37: [: assignment1: unexpected operator
The number of files are 10 and the number of matching lines are 10
success
Writing 10 files containing string AELD_IS_FUN to aKQsAM5tb35FHQ7oO2d3loHl41wAuJny
./finder-test.sh: 37: [: assignment1: unexpected operator
./writer.sh: line 7: aKQsAM5tb35FHQ7oO2d3loHl41wAuJny/JaySharma1.txt: No such file or directory
[0;31mValidation Error:finder-test.sh execution for random directory failed with return code 1[0m
Validation failed with error list :finder-test.sh execution for random directory failed with return code 1
Test of assignment assignment1 failed with rc=1
Running test with user unbanjay
-- Generating ;/home/unbanjay/aesd_assignments/assignment-autotest/test/assignment1/Test_hello_Runner.c;/home/unbanjay/aesd_assignments/assignment-autotest/test/assignment1/Test_assignment_validate_Runner.c;/home/unbanjay/aesd_assignments/assignment-autotest/../student-test/assignment1/Test_validate_username_Runner.c from test/assignment1/Test_hello.c;test/assignment1/Test_assignment_validate.c;../student-test/assignment1/Test_validate_username.c
-- Building executable including ;/home/unbanjay/aesd_assignments/assignment-autotest/test/assignment1/Test_hello_Runner.c;/home/unbanjay/aesd_assignments/assignment-autotest/test/assignment1/Test_assignment_validate_Runner.c;/home/unbanjay/aesd_assignments/assignment-autotest/../student-test/assignment1/Test_validate_username_Runner.c test/assignment1/Test_hello.c;test/assignment1/Test_assignment_validate.c;../student-test/assignment1/Test_validate_username.c and ../examples/autotest-validate/autotest-validate.c
-- Configuring done
-- Generating done
-- Build files have been written to: /home/unbanjay/aesd_assignments/build
[  8%] Building C object assignment-autotest/Unity/src/CMakeFiles/unity.dir/unity.c.o
[ 16%] Linking C static library libunity.a
[ 16%] Built target unity
[ 25%] Generating ../../assignment-autotest/test/assignment1/Test_hello_Runner.c, ../../assignment-autotest/test/assignment1/Test_assignment_validate_Runner.c, ../../student-test/assignment1/Test_validate_username_Runner.c, ../../assignment-autotest/test/unity_runner.c
Test files for auto dependency generation test/assignment1/Test_hello.c test/assignment1/Test_assignment_validate.c ../student-test/assignment1/Test_validate_username.c
Autogenerating runner for test/assignment1/Test_hello.c
Autogenerating runner for test/assignment1/Test_assignment_validate.c
Autogenerating runner for ../student-test/assignment1/Test_validate_username.c
Autogenerating test/unity_runner.c
[ 33%] Building C object assignment-autotest/CMakeFiles/assignment-autotest.dir/test/assignment1/Test_hello.c.o
[ 41%] Building C object assignment-autotest/CMakeFiles/assignment-autotest.dir/test/assignment1/Test_assignment_validate.c.o
[ 50%] Building C object assignment-autotest/CMakeFiles/assignment-autotest.dir/__/student-test/assignment1/Test_validate_username.c.o
[ 58%] Building C object assignment-autotest/CMakeFiles/assignment-autotest.dir/test/assignment1/Test_hello_Runner.c.o
[ 66%] Building C object assignment-autotest/CMakeFiles/assignment-autotest.dir/test/assignment1/Test_assignment_validate_Runner.c.o
[ 75%] Building C object assignment-autotest/CMakeFiles/assignment-autotest.dir/__/student-test/assignment1/Test_validate_username_Runner.c.o
[ 83%] Building C object assignment-autotest/CMakeFiles/assignment-autotest.dir/__/examples/autotest-validate/autotest-validate.c.o
[ 91%] Building C object assignment-autotest/CMakeFiles/assignment-autotest.dir/test/unity_runner.c.o
[100%] Linking C executable assignment-autotest
[100%] Built target assignment-autotest
/home/unbanjay/aesd_assignments/assignment-autotest/test/assignment1/Test_hello.c:6:test_hello:INFO: Hello!  Your unity setup is working!
/home/unbanjay/aesd_assignments/assignment-autotest/test/assignment1/Test_hello.c:4:test_hello:PASS

-----------------------
1 Tests 0 Failures 0 Ignored 
OK
/home/unbanjay/aesd_assignments/assignment-autotest/test/assignment1/Test_assignment_validate.c:9:test_assignment_validate:PASS

-----------------------
1 Tests 0 Failures 0 Ignored 
OK
Read JaySharma from conf/username.txt
/home/unbanjay/aesd_assignments/assignment-autotest/../student-test/assignment1/Test_validate_username.c:15:test_validate_my_username:PASS

-----------------------
1 Tests 0 Failures 0 Ignored 
OK
Executing assignment test script
~/aesd_assignments/assignment-autotest/test/assignment1 ~/aesd_assignments
~/aesd_assignments/finder-app ~/aesd_assignments/assignment-autotest/test/assignment1 ~/aesd_assignments
 any of parameter not specified
 any of parameter not specified
Using default value AELD_IS_FUN for string to write
Using default value 10 for number of files to write
Writing 10 files containing string AELD_IS_FUN to filesdir
./finder-test.sh: 37: [: assignment1: unexpected operator
The number of files are 10 and the number of matching lines are 10
success
Writing 10 files containing string AELD_IS_FUN to F2WIbZWCIOQASGLpIiC9TN9qKZBP8koP
./finder-test.sh: 37: [: assignment1: unexpected operator
./writer.sh: line 7: F2WIbZWCIOQASGLpIiC9TN9qKZBP8koP/JaySharma1.txt: No such file or directory
[0;31mValidation Error:finder-test.sh execution for random directory failed with return code 1[0m
Validation failed with error list :finder-test.sh execution for random directory failed with return code 1
Test of assignment assignment1 failed with rc=1
Running test with user unbanjay
-- Generating ;/home/unbanjay/aesd_assignments/assignment-autotest/test/assignment1/Test_hello_Runner.c;/home/unbanjay/aesd_assignments/assignment-autotest/test/assignment1/Test_assignment_validate_Runner.c;/home/unbanjay/aesd_assignments/assignment-autotest/../student-test/assignment1/Test_validate_username_Runner.c from test/assignment1/Test_hello.c;test/assignment1/Test_assignment_validate.c;../student-test/assignment1/Test_validate_username.c
-- Building executable including ;/home/unbanjay/aesd_assignments/assignment-autotest/test/assignment1/Test_hello_Runner.c;/home/unbanjay/aesd_assignments/assignment-autotest/test/assignment1/Test_assignment_validate_Runner.c;/home/unbanjay/aesd_assignments/assignment-autotest/../student-test/assignment1/Test_validate_username_Runner.c test/assignment1/Test_hello.c;test/assignment1/Test_assignment_validate.c;../student-test/assignment1/Test_validate_username.c and ../examples/autotest-validate/autotest-validate.c
-- Configuring done
-- Generating done
-- Build files have been written to: /home/unbanjay/aesd_assignments/build
[  8%] Building C object assignment-autotest/Unity/src/CMakeFiles/unity.dir/unity.c.o
[ 16%] Linking C static library libunity.a
[ 16%] Built target unity
[ 25%] Generating ../../assignment-autotest/test/assignment1/Test_hello_Runner.c, ../../assignment-autotest/test/assignment1/Test_assignment_validate_Runner.c, ../../student-test/assignment1/Test_validate_username_Runner.c, ../../assignment-autotest/test/unity_runner.c
Test files for auto dependency generation test/assignment1/Test_hello.c test/assignment1/Test_assignment_validate.c ../student-test/assignment1/Test_validate_username.c
Autogenerating runner for test/assignment1/Test_hello.c
Autogenerating runner for test/assignment1/Test_assignment_validate.c
Autogenerating runner for ../student-test/assignment1/Test_validate_username.c
Autogenerating test/unity_runner.c
[ 33%] Building C object assignment-autotest/CMakeFiles/assignment-autotest.dir/test/assignment1/Test_hello.c.o
[ 41%] Building C object assignment-autotest/CMakeFiles/assignment-autotest.dir/test/assignment1/Test_assignment_validate.c.o
[ 50%] Building C object assignment-autotest/CMakeFiles/assignment-autotest.dir/__/student-test/assignment1/Test_validate_username.c.o
[ 58%] Building C object assignment-autotest/CMakeFiles/assignment-autotest.dir/test/assignment1/Test_hello_Runner.c.o
[ 66%] Building C object assignment-autotest/CMakeFiles/assignment-autotest.dir/test/assignment1/Test_assignment_validate_Runner.c.o
[ 75%] Building C object assignment-autotest/CMakeFiles/assignment-autotest.dir/__/student-test/assignment1/Test_validate_username_Runner.c.o
[ 83%] Building C object assignment-autotest/CMakeFiles/assignment-autotest.dir/__/examples/autotest-validate/autotest-validate.c.o
[ 91%] Building C object assignment-autotest/CMakeFiles/assignment-autotest.dir/test/unity_runner.c.o
[100%] Linking C executable assignment-autotest
[100%] Built target assignment-autotest
/home/unbanjay/aesd_assignments/assignment-autotest/test/assignment1/Test_hello.c:6:test_hello:INFO: Hello!  Your unity setup is working!
/home/unbanjay/aesd_assignments/assignment-autotest/test/assignment1/Test_hello.c:4:test_hello:PASS

-----------------------
1 Tests 0 Failures 0 Ignored 
OK
/home/unbanjay/aesd_assignments/assignment-autotest/test/assignment1/Test_assignment_validate.c:9:test_assignment_validate:PASS

-----------------------
1 Tests 0 Failures 0 Ignored 
OK
Read JaySharma from conf/username.txt
/home/unbanjay/aesd_assignments/assignment-autotest/../student-test/assignment1/Test_validate_username.c:15:test_validate_my_username:PASS

-----------------------
1 Tests 0 Failures 0 Ignored 
OK
Executing assignment test script
~/aesd_assignments/assignment-autotest/test/assignment1 ~/aesd_assignments
~/aesd_assignments/finder-app ~/aesd_assignments/assignment-autotest/test/assignment1 ~/aesd_assignments
 any of parameter not specified
 any of parameter not specified
Using default value AELD_IS_FUN for string to write
Using default value 10 for number of files to write
Writing 10 files containing string AELD_IS_FUN to filesdir
filesdir created
The number of files are 10 and the number of matching lines are 10
success
Writing 10 files containing string AELD_IS_FUN to oBTScUxBYjJCNAXlRk8EbZyn7StCBzbp
oBTScUxBYjJCNAXlRk8EbZyn7StCBzbp created
The number of files are 10 and the number of matching lines are 10
success
Test of assignment assignment1 complete with success
Running test with user unbanjay
CMake Error: The current CMakeCache.txt directory /home/unbanjay/jay/build/CMakeCache.txt is different than the directory /home/unbanjay/aesd_assignments/build where CMakeCache.txt was created. This may result in binaries being created in the wrong place. If you are not sure, reedit the CMakeCache.txt
CMake Error: The source "/home/unbanjay/jay/CMakeLists.txt" does not match the source "/home/unbanjay/aesd_assignments/CMakeLists.txt" used to generate cache.  Re-run cmake with a different source directory.
/bin/sh: 1: cd: can't cd to /home/unbanjay/aesd_assignments/build/assignment-autotest
make[2]: *** [assignment-autotest/CMakeFiles/assignment-autotest.dir/build.make:232: assignment-autotest/CMakeFiles/assignment-autotest.dir/clean] Error 2
make[1]: *** [CMakeFiles/Makefile2:147: assignment-autotest/CMakeFiles/assignment-autotest.dir/clean] Error 2
make: *** [Makefile:142: clean] Error 2
/bin/sh: 1: cd: can't cd to /home/unbanjay/aesd_assignments/build
make[2]: *** [assignment-autotest/Unity/src/CMakeFiles/unity.dir/build.make:109: assignment-autotest/Unity/src/CMakeFiles/unity.dir/depend] Error 2
make[1]: *** [CMakeFiles/Makefile2:155: assignment-autotest/Unity/src/CMakeFiles/unity.dir/all] Error 2
make: *** [Makefile:136: all] Error 2
/home/unbanjay/aesd_assignments/assignment-autotest/test/assignment1/Test_hello.c:6:test_hello:INFO: Hello!  Your unity setup is working!
/home/unbanjay/aesd_assignments/assignment-autotest/test/assignment1/Test_hello.c:4:test_hello:PASS

-----------------------
1 Tests 0 Failures 0 Ignored 
OK
/home/unbanjay/aesd_assignments/assignment-autotest/test/assignment1/Test_assignment_validate.c:9:test_assignment_validate:PASS

-----------------------
1 Tests 0 Failures 0 Ignored 
OK
Read JaySharma from conf/username.txt
/home/unbanjay/aesd_assignments/assignment-autotest/../student-test/assignment1/Test_validate_username.c:15:test_validate_my_username:PASS

-----------------------
1 Tests 0 Failures 0 Ignored 
OK
Executing assignment test script
~/jay/assignment-autotest/test/assignment1 ~/jay
~/jay/finder-app ~/jay/assignment-autotest/test/assignment1 ~/jay
 any of parameter not specified
 any of parameter not specified
Using default value AELD_IS_FUN for string to write
Using default value 10 for number of files to write
Writing 10 files containing string AELD_IS_FUN to filesdir
filesdir created
The number of files are 10 and the number of matching lines are 10
success
Writing 10 files containing string AELD_IS_FUN to afcotiv66YgGEJvZrTby4sSTMzZuOUzH
afcotiv66YgGEJvZrTby4sSTMzZuOUzH created
The number of files are 10 and the number of matching lines are 10
success
Test of assignment assignment1 complete with success
